build/app/outputs/mapping/release/mapping.txt
# compiler: R8
# compiler_version: 1.5.64
# min_api: 16
# pg_map_id: 91e92e6
com.example.storytech.MainActivity -> com.example.storytech.MainActivity:
    void configureFlutterEngine(io.flutter.embedding.engine.FlutterEngine) -> a
...
io.flutter.plugin.platform.VirtualDisplayController -> io.flutter.plugin.platform.j:
    android.content.Context context -> a
    android.hardware.display.VirtualDisplay virtualDisplay -> f
    android.view.View$OnFocusChangeListener focusChangeListener -> e
    io.flutter.plugin.platform.SingleViewPresentation presentation -> g
    io.flutter.view.TextureRegistry$SurfaceTextureEntry textureEntry -> d
    int densityDpi -> c
    android.view.Surface surface -> h
    io.flutter.plugin.platform.AccessibilityEventsDelegate accessibilityEventsDelegate -> b
    io.flutter.plugin.platform.VirtualDisplayController create(android.content.Context,io.flutter.plugin.platform.AccessibilityEventsDelegate,io.flutter.plugin.platform.PlatformViewFactory,io.flutter.view.TextureRegistry$SurfaceTextureEntry,int,int,int,java.lang.Object,android.view.View$OnFocusChangeListener) -> a
    void dispose() -> a
    void onFlutterViewAttached(android.view.View) -> a
    void resize(int,int,java.lang.Runnable) -> a
    android.view.View getView() -> b
    void onFlutterViewDetached() -> c
    void onInputConnectionLocked() -> d
    void onInputConnectionUnlocked() -> e
io.flutter.plugin.platform.VirtualDisplayController$1 -> io.flutter.plugin.platform.j$a:
    java.lang.Runnable val$onNewSizeFrameAvailable -> b
    android.view.View val$embeddedView -> a
io.flutter.plugin.platform.VirtualDisplayController$1$1 -> io.flutter.plugin.platform.j$a$a:
    io.flutter.plugin.platform.VirtualDisplayController$1 this$1 -> a
io.flutter.plugin.platform.VirtualDisplayController$OneTimeOnDrawListener -> io.flutter.plugin.platform.j$b:
    java.lang.Runnable mOnDrawRunnable -> b
    android.view.View mView -> a
    void schedule(android.view.View,java.lang.Runnable) -> a
io.flutter.plugin.platform.VirtualDisplayController$OneTimeOnDrawListener$1 -> io.flutter.plugin.platform.j$b$a:
    io.flutter.plugin.platform.VirtualDisplayController$OneTimeOnDrawListener this$0 -> a
io.flutter.util.PathUtils -> b.a.d.a:
    java.lang.String getCacheDirectory(android.content.Context) -> a
    java.lang.String getFilesDir(android.content.Context) -> b
io.flutter.util.Predicate -> b.a.d.b:
    boolean test(java.lang.Object) -> a
io.flutter.view.-$$Lambda$AccessibilityBridge$JBDpWWlF54eN0gel8Jn1hY7yOmE -> io.flutter.view.a:
    io.flutter.view.AccessibilityBridge$SemanticsNode f$0 -> a
    boolean test(java.lang.Object) -> a
io.flutter.view.-$$Lambda$AccessibilityBridge$_xgAbWhyKyeHrMGUVUYzbSFEeBY -> io.flutter.view.b:
    io.flutter.view.-$$Lambda$AccessibilityBridge$_xgAbWhyKyeHrMGUVUYzbSFEeBY INSTANCE -> a
    boolean test(java.lang.Object) -> a